{"/Users/joshhoward/Documents/repos/codesmith/projects/tempo/src/client/App.js": {"path":"/Users/joshhoward/Documents/repos/codesmith/projects/tempo/src/client/App.js","statementMap":{"0":{"start":{"line":14,"column":12},"end":{"line":61,"column":1}},"1":{"start":{"line":15,"column":20},"end":{"line":17,"column":3}},"2":{"start":{"line":20,"column":19},"end":{"line":20,"column":32}},"3":{"start":{"line":21,"column":2},"end":{"line":32,"column":9}},"4":{"start":{"line":22,"column":21},"end":{"line":31,"column":6}},"5":{"start":{"line":27,"column":6},"end":{"line":30,"column":7}},"6":{"start":{"line":28,"column":8},"end":{"line":28,"column":43}},"7":{"start":{"line":29,"column":8},"end":{"line":29,"column":47}},"8":{"start":{"line":33,"column":16},"end":{"line":33,"column":56}},"9":{"start":{"line":33,"column":39},"end":{"line":33,"column":55}},"10":{"start":{"line":35,"column":2},"end":{"line":60,"column":4}}},"fnMap":{"0":{"name":"(anonymous_0)","decl":{"start":{"line":14,"column":12},"end":{"line":14,"column":13}},"loc":{"start":{"line":14,"column":18},"end":{"line":61,"column":1}},"line":14},"1":{"name":"(anonymous_1)","decl":{"start":{"line":21,"column":12},"end":{"line":21,"column":13}},"loc":{"start":{"line":21,"column":18},"end":{"line":32,"column":3}},"line":21},"2":{"name":"(anonymous_2)","decl":{"start":{"line":26,"column":12},"end":{"line":26,"column":13}},"loc":{"start":{"line":26,"column":21},"end":{"line":31,"column":5}},"line":26},"3":{"name":"(anonymous_3)","decl":{"start":{"line":33,"column":28},"end":{"line":33,"column":29}},"loc":{"start":{"line":33,"column":39},"end":{"line":33,"column":55}},"line":33}},"branchMap":{"0":{"loc":{"start":{"line":27,"column":6},"end":{"line":30,"column":7}},"type":"if","locations":[{"start":{"line":27,"column":6},"end":{"line":30,"column":7}},{"start":{},"end":{}}],"line":27},"1":{"loc":{"start":{"line":37,"column":7},"end":{"line":58,"column":7}},"type":"cond-expr","locations":[{"start":{"line":38,"column":8},"end":{"line":38,"column":23}},{"start":{"line":40,"column":8},"end":{"line":57,"column":24}}],"line":37}},"s":{"0":0,"1":0,"2":0,"3":0,"4":0,"5":0,"6":0,"7":0,"8":0,"9":0,"10":0},"f":{"0":0,"1":0,"2":0,"3":0},"b":{"0":[0,0],"1":[0,0]}}
,"/Users/joshhoward/Documents/repos/codesmith/projects/tempo/src/client/index.js": {"path":"/Users/joshhoward/Documents/repos/codesmith/projects/tempo/src/client/index.js","statementMap":{"0":{"start":{"line":7,"column":13},"end":{"line":7,"column":65}},"1":{"start":{"line":8,"column":0},"end":{"line":14,"column":2}}},"fnMap":{},"branchMap":{},"s":{"0":0,"1":0},"f":{},"b":{}}
,"/Users/joshhoward/Documents/repos/codesmith/projects/tempo/src/client/Components/cards/DeckCard/DeckCard.jsx": {"path":"/Users/joshhoward/Documents/repos/codesmith/projects/tempo/src/client/Components/cards/DeckCard/DeckCard.jsx","statementMap":{"0":{"start":{"line":6,"column":17},"end":{"line":18,"column":1}},"1":{"start":{"line":7,"column":2},"end":{"line":17,"column":4}}},"fnMap":{"0":{"name":"(anonymous_0)","decl":{"start":{"line":6,"column":17},"end":{"line":6,"column":18}},"loc":{"start":{"line":6,"column":38},"end":{"line":18,"column":1}},"line":6}},"branchMap":{},"s":{"0":0,"1":0},"f":{"0":0},"b":{}}
,"/Users/joshhoward/Documents/repos/codesmith/projects/tempo/src/client/Components/cards/DecksContainer/DecksContainer.jsx": {"path":"/Users/joshhoward/Documents/repos/codesmith/projects/tempo/src/client/Components/cards/DecksContainer/DecksContainer.jsx","statementMap":{"0":{"start":{"line":9,"column":23},"end":{"line":31,"column":1}},"1":{"start":{"line":10,"column":34},"end":{"line":10,"column":46}},"2":{"start":{"line":12,"column":2},"end":{"line":15,"column":9}},"3":{"start":{"line":13,"column":4},"end":{"line":14,"column":42}},"4":{"start":{"line":14,"column":19},"end":{"line":14,"column":40}},"5":{"start":{"line":17,"column":2},"end":{"line":30,"column":4}},"6":{"start":{"line":26,"column":10},"end":{"line":26,"column":54}}},"fnMap":{"0":{"name":"(anonymous_0)","decl":{"start":{"line":9,"column":23},"end":{"line":9,"column":24}},"loc":{"start":{"line":9,"column":29},"end":{"line":31,"column":1}},"line":9},"1":{"name":"(anonymous_1)","decl":{"start":{"line":12,"column":12},"end":{"line":12,"column":13}},"loc":{"start":{"line":12,"column":18},"end":{"line":15,"column":3}},"line":12},"2":{"name":"(anonymous_2)","decl":{"start":{"line":14,"column":12},"end":{"line":14,"column":13}},"loc":{"start":{"line":14,"column":19},"end":{"line":14,"column":40}},"line":14},"3":{"name":"(anonymous_3)","decl":{"start":{"line":25,"column":22},"end":{"line":25,"column":23}},"loc":{"start":{"line":26,"column":10},"end":{"line":26,"column":54}},"line":26}},"branchMap":{},"s":{"0":0,"1":0,"2":0,"3":0,"4":0,"5":0,"6":0},"f":{"0":0,"1":0,"2":0,"3":0},"b":{}}
,"/Users/joshhoward/Documents/repos/codesmith/projects/tempo/src/client/Components/cards/Flashcard/Flashcard.js": {"path":"/Users/joshhoward/Documents/repos/codesmith/projects/tempo/src/client/Components/cards/Flashcard/Flashcard.js","statementMap":{"0":{"start":{"line":7,"column":13},"end":{"line":22,"column":1}},"1":{"start":{"line":9,"column":4},"end":{"line":9,"column":8}},"2":{"start":{"line":10,"column":21},"end":{"line":10,"column":34}},"3":{"start":{"line":11,"column":2},"end":{"line":21,"column":4}}},"fnMap":{"0":{"name":"(anonymous_0)","decl":{"start":{"line":7,"column":13},"end":{"line":7,"column":14}},"loc":{"start":{"line":7,"column":27},"end":{"line":22,"column":1}},"line":7}},"branchMap":{"0":{"loc":{"start":{"line":16,"column":58},"end":{"line":16,"column":77}},"type":"binary-expr","locations":[{"start":{"line":16,"column":58},"end":{"line":16,"column":63}},{"start":{"line":16,"column":67},"end":{"line":16,"column":77}}],"line":16},"1":{"loc":{"start":{"line":17,"column":58},"end":{"line":17,"column":77}},"type":"binary-expr","locations":[{"start":{"line":17,"column":58},"end":{"line":17,"column":63}},{"start":{"line":17,"column":67},"end":{"line":17,"column":77}}],"line":17}},"s":{"0":0,"1":0,"2":0,"3":0},"f":{"0":0},"b":{"0":[0,0],"1":[0,0]}}
,"/Users/joshhoward/Documents/repos/codesmith/projects/tempo/src/client/Components/cards/FlashcardDetails/FlashcardDetails.js": {"path":"/Users/joshhoward/Documents/repos/codesmith/projects/tempo/src/client/Components/cards/FlashcardDetails/FlashcardDetails.js","statementMap":{"0":{"start":{"line":9,"column":18},"end":{"line":85,"column":1}},"1":{"start":{"line":10,"column":17},"end":{"line":10,"column":28}},"2":{"start":{"line":11,"column":34},"end":{"line":11,"column":46}},"3":{"start":{"line":12,"column":34},"end":{"line":12,"column":46}},"4":{"start":{"line":13,"column":36},"end":{"line":13,"column":50}},"5":{"start":{"line":14,"column":19},"end":{"line":14,"column":32}},"6":{"start":{"line":16,"column":2},"end":{"line":25,"column":9}},"7":{"start":{"line":18,"column":21},"end":{"line":24,"column":6}},"8":{"start":{"line":23,"column":6},"end":{"line":23,"column":28}},"9":{"start":{"line":27,"column":2},"end":{"line":36,"column":9}},"10":{"start":{"line":29,"column":21},"end":{"line":35,"column":6}},"11":{"start":{"line":34,"column":6},"end":{"line":34,"column":28}},"12":{"start":{"line":38,"column":21},"end":{"line":46,"column":3}},"13":{"start":{"line":39,"column":21},"end":{"line":45,"column":6}},"14":{"start":{"line":44,"column":6},"end":{"line":44,"column":37}},"15":{"start":{"line":48,"column":2},"end":{"line":84,"column":4}},"16":{"start":{"line":60,"column":27},"end":{"line":60,"column":51}},"17":{"start":{"line":69,"column":29},"end":{"line":69,"column":41}},"18":{"start":{"line":75,"column":30},"end":{"line":75,"column":77}}},"fnMap":{"0":{"name":"(anonymous_0)","decl":{"start":{"line":9,"column":18},"end":{"line":9,"column":19}},"loc":{"start":{"line":9,"column":24},"end":{"line":85,"column":1}},"line":9},"1":{"name":"(anonymous_1)","decl":{"start":{"line":16,"column":12},"end":{"line":16,"column":13}},"loc":{"start":{"line":16,"column":18},"end":{"line":25,"column":3}},"line":16},"2":{"name":"(anonymous_2)","decl":{"start":{"line":22,"column":12},"end":{"line":22,"column":13}},"loc":{"start":{"line":22,"column":21},"end":{"line":24,"column":5}},"line":22},"3":{"name":"(anonymous_3)","decl":{"start":{"line":27,"column":12},"end":{"line":27,"column":13}},"loc":{"start":{"line":27,"column":18},"end":{"line":36,"column":3}},"line":27},"4":{"name":"(anonymous_4)","decl":{"start":{"line":33,"column":12},"end":{"line":33,"column":13}},"loc":{"start":{"line":33,"column":21},"end":{"line":35,"column":5}},"line":33},"5":{"name":"(anonymous_5)","decl":{"start":{"line":38,"column":21},"end":{"line":38,"column":22}},"loc":{"start":{"line":38,"column":27},"end":{"line":46,"column":3}},"line":38},"6":{"name":"(anonymous_6)","decl":{"start":{"line":43,"column":12},"end":{"line":43,"column":13}},"loc":{"start":{"line":43,"column":21},"end":{"line":45,"column":5}},"line":43},"7":{"name":"(anonymous_7)","decl":{"start":{"line":60,"column":21},"end":{"line":60,"column":22}},"loc":{"start":{"line":60,"column":27},"end":{"line":60,"column":51}},"line":60},"8":{"name":"(anonymous_8)","decl":{"start":{"line":69,"column":23},"end":{"line":69,"column":24}},"loc":{"start":{"line":69,"column":29},"end":{"line":69,"column":41}},"line":69},"9":{"name":"(anonymous_9)","decl":{"start":{"line":75,"column":23},"end":{"line":75,"column":24}},"loc":{"start":{"line":75,"column":30},"end":{"line":75,"column":77}},"line":75}},"branchMap":{"0":{"loc":{"start":{"line":54,"column":15},"end":{"line":54,"column":44}},"type":"binary-expr","locations":[{"start":{"line":54,"column":15},"end":{"line":54,"column":29}},{"start":{"line":54,"column":33},"end":{"line":54,"column":44}}],"line":54},"1":{"loc":{"start":{"line":64,"column":15},"end":{"line":64,"column":57}},"type":"cond-expr","locations":[{"start":{"line":64,"column":27},"end":{"line":64,"column":41}},{"start":{"line":64,"column":44},"end":{"line":64,"column":57}}],"line":64}},"s":{"0":0,"1":0,"2":0,"3":0,"4":0,"5":0,"6":0,"7":0,"8":0,"9":0,"10":0,"11":0,"12":0,"13":0,"14":0,"15":0,"16":0,"17":0,"18":0},"f":{"0":0,"1":0,"2":0,"3":0,"4":0,"5":0,"6":0,"7":0,"8":0,"9":0},"b":{"0":[0,0],"1":[0,0]}}
,"/Users/joshhoward/Documents/repos/codesmith/projects/tempo/src/client/Components/create/CreateCard/CreateCard.js": {"path":"/Users/joshhoward/Documents/repos/codesmith/projects/tempo/src/client/Components/create/CreateCard/CreateCard.js","statementMap":{"0":{"start":{"line":6,"column":19},"end":{"line":52,"column":1}},"1":{"start":{"line":7,"column":28},"end":{"line":7,"column":40}},"2":{"start":{"line":8,"column":26},"end":{"line":8,"column":38}},"3":{"start":{"line":9,"column":28},"end":{"line":9,"column":40}},"4":{"start":{"line":10,"column":19},"end":{"line":10,"column":32}},"5":{"start":{"line":11,"column":19},"end":{"line":11,"column":32}},"6":{"start":{"line":12,"column":19},"end":{"line":12,"column":33}},"7":{"start":{"line":15,"column":4},"end":{"line":25,"column":43}},"8":{"start":{"line":23,"column":8},"end":{"line":23,"column":53}},"9":{"start":{"line":25,"column":18},"end":{"line":25,"column":42}},"10":{"start":{"line":28,"column":2},"end":{"line":51,"column":4}},"11":{"start":{"line":33,"column":27},"end":{"line":33,"column":51}},"12":{"start":{"line":38,"column":27},"end":{"line":38,"column":51}},"13":{"start":{"line":43,"column":27},"end":{"line":43,"column":50}}},"fnMap":{"0":{"name":"(anonymous_0)","decl":{"start":{"line":6,"column":19},"end":{"line":6,"column":20}},"loc":{"start":{"line":6,"column":25},"end":{"line":52,"column":1}},"line":6},"1":{"name":"cb","decl":{"start":{"line":14,"column":11},"end":{"line":14,"column":13}},"loc":{"start":{"line":14,"column":16},"end":{"line":26,"column":3}},"line":14},"2":{"name":"(anonymous_2)","decl":{"start":{"line":22,"column":12},"end":{"line":22,"column":13}},"loc":{"start":{"line":22,"column":18},"end":{"line":24,"column":7}},"line":22},"3":{"name":"(anonymous_3)","decl":{"start":{"line":25,"column":13},"end":{"line":25,"column":14}},"loc":{"start":{"line":25,"column":18},"end":{"line":25,"column":42}},"line":25},"4":{"name":"(anonymous_4)","decl":{"start":{"line":33,"column":20},"end":{"line":33,"column":21}},"loc":{"start":{"line":33,"column":27},"end":{"line":33,"column":51}},"line":33},"5":{"name":"(anonymous_5)","decl":{"start":{"line":38,"column":20},"end":{"line":38,"column":21}},"loc":{"start":{"line":38,"column":27},"end":{"line":38,"column":51}},"line":38},"6":{"name":"(anonymous_6)","decl":{"start":{"line":43,"column":20},"end":{"line":43,"column":21}},"loc":{"start":{"line":43,"column":27},"end":{"line":43,"column":50}},"line":43}},"branchMap":{},"s":{"0":0,"1":0,"2":0,"3":0,"4":0,"5":0,"6":0,"7":0,"8":0,"9":0,"10":0,"11":0,"12":0,"13":0},"f":{"0":0,"1":0,"2":0,"3":0,"4":0,"5":0,"6":0},"b":{}}
,"/Users/joshhoward/Documents/repos/codesmith/projects/tempo/src/client/Components/create/CreateDeck/CreateDeck.jsx": {"path":"/Users/joshhoward/Documents/repos/codesmith/projects/tempo/src/client/Components/create/CreateDeck/CreateDeck.jsx","statementMap":{"0":{"start":{"line":7,"column":19},"end":{"line":44,"column":1}},"1":{"start":{"line":8,"column":36},"end":{"line":8,"column":48}},"2":{"start":{"line":9,"column":19},"end":{"line":9,"column":32}},"3":{"start":{"line":12,"column":4},"end":{"line":27,"column":43}},"4":{"start":{"line":21,"column":8},"end":{"line":24,"column":12}},"5":{"start":{"line":23,"column":12},"end":{"line":23,"column":66}},"6":{"start":{"line":27,"column":18},"end":{"line":27,"column":42}},"7":{"start":{"line":30,"column":2},"end":{"line":43,"column":4}},"8":{"start":{"line":35,"column":27},"end":{"line":35,"column":55}}},"fnMap":{"0":{"name":"(anonymous_0)","decl":{"start":{"line":7,"column":19},"end":{"line":7,"column":20}},"loc":{"start":{"line":7,"column":25},"end":{"line":44,"column":1}},"line":7},"1":{"name":"addDeckToDB","decl":{"start":{"line":11,"column":11},"end":{"line":11,"column":22}},"loc":{"start":{"line":11,"column":25},"end":{"line":28,"column":3}},"line":11},"2":{"name":"(anonymous_2)","decl":{"start":{"line":20,"column":12},"end":{"line":20,"column":13}},"loc":{"start":{"line":20,"column":21},"end":{"line":26,"column":7}},"line":20},"3":{"name":"(anonymous_3)","decl":{"start":{"line":22,"column":16},"end":{"line":22,"column":17}},"loc":{"start":{"line":22,"column":25},"end":{"line":24,"column":11}},"line":22},"4":{"name":"(anonymous_4)","decl":{"start":{"line":27,"column":13},"end":{"line":27,"column":14}},"loc":{"start":{"line":27,"column":18},"end":{"line":27,"column":42}},"line":27},"5":{"name":"(anonymous_5)","decl":{"start":{"line":35,"column":20},"end":{"line":35,"column":21}},"loc":{"start":{"line":35,"column":27},"end":{"line":35,"column":55}},"line":35}},"branchMap":{},"s":{"0":0,"1":0,"2":0,"3":0,"4":0,"5":0,"6":0,"7":0,"8":0},"f":{"0":0,"1":0,"2":0,"3":0,"4":0,"5":0},"b":{}}
,"/Users/joshhoward/Documents/repos/codesmith/projects/tempo/src/client/Components/global/Navbar/Navbar.js": {"path":"/Users/joshhoward/Documents/repos/codesmith/projects/tempo/src/client/Components/global/Navbar/Navbar.js","statementMap":{"0":{"start":{"line":9,"column":15},"end":{"line":45,"column":1}},"1":{"start":{"line":14,"column":16},"end":{"line":14,"column":56}},"2":{"start":{"line":14,"column":39},"end":{"line":14,"column":55}},"3":{"start":{"line":16,"column":2},"end":{"line":44,"column":4}},"4":{"start":{"line":22,"column":35},"end":{"line":22,"column":36}},"5":{"start":{"line":23,"column":14},"end":{"line":27,"column":16}}},"fnMap":{"0":{"name":"(anonymous_0)","decl":{"start":{"line":9,"column":15},"end":{"line":9,"column":16}},"loc":{"start":{"line":9,"column":34},"end":{"line":45,"column":1}},"line":9},"1":{"name":"(anonymous_1)","decl":{"start":{"line":14,"column":28},"end":{"line":14,"column":29}},"loc":{"start":{"line":14,"column":39},"end":{"line":14,"column":55}},"line":14},"2":{"name":"(anonymous_2)","decl":{"start":{"line":21,"column":43},"end":{"line":21,"column":44}},"loc":{"start":{"line":21,"column":50},"end":{"line":28,"column":13}},"line":21}},"branchMap":{"0":{"loc":{"start":{"line":18,"column":7},"end":{"line":41,"column":7}},"type":"binary-expr","locations":[{"start":{"line":18,"column":7},"end":{"line":18,"column":12}},{"start":{"line":19,"column":8},"end":{"line":40,"column":14}}],"line":18},"1":{"loc":{"start":{"line":33,"column":15},"end":{"line":37,"column":15}},"type":"cond-expr","locations":[{"start":{"line":34,"column":16},"end":{"line":34,"column":49}},{"start":{"line":36,"column":16},"end":{"line":36,"column":51}}],"line":33}},"s":{"0":0,"1":0,"2":0,"3":0,"4":0,"5":0},"f":{"0":0,"1":0,"2":0},"b":{"0":[0,0],"1":[0,0]}}
,"/Users/joshhoward/Documents/repos/codesmith/projects/tempo/src/client/Components/global/Navbar/UserProfile.jsx": {"path":"/Users/joshhoward/Documents/repos/codesmith/projects/tempo/src/client/Components/global/Navbar/UserProfile.jsx","statementMap":{"0":{"start":{"line":5,"column":20},"end":{"line":18,"column":1}},"1":{"start":{"line":7,"column":20},"end":{"line":7,"column":60}},"2":{"start":{"line":7,"column":43},"end":{"line":7,"column":59}},"3":{"start":{"line":8,"column":22},"end":{"line":8,"column":64}},"4":{"start":{"line":8,"column":45},"end":{"line":8,"column":63}},"5":{"start":{"line":10,"column":2},"end":{"line":17,"column":4}}},"fnMap":{"0":{"name":"(anonymous_0)","decl":{"start":{"line":5,"column":20},"end":{"line":5,"column":21}},"loc":{"start":{"line":5,"column":26},"end":{"line":18,"column":1}},"line":5},"1":{"name":"(anonymous_1)","decl":{"start":{"line":7,"column":32},"end":{"line":7,"column":33}},"loc":{"start":{"line":7,"column":43},"end":{"line":7,"column":59}},"line":7},"2":{"name":"(anonymous_2)","decl":{"start":{"line":8,"column":34},"end":{"line":8,"column":35}},"loc":{"start":{"line":8,"column":45},"end":{"line":8,"column":63}},"line":8}},"branchMap":{},"s":{"0":0,"1":0,"2":0,"3":0,"4":0,"5":0},"f":{"0":0,"1":0,"2":0},"b":{}}
,"/Users/joshhoward/Documents/repos/codesmith/projects/tempo/src/client/Components/pages/DeckPage/DeckPage.jsx": {"path":"/Users/joshhoward/Documents/repos/codesmith/projects/tempo/src/client/Components/pages/DeckPage/DeckPage.jsx","statementMap":{"0":{"start":{"line":9,"column":17},"end":{"line":36,"column":1}},"1":{"start":{"line":12,"column":19},"end":{"line":12,"column":32}},"2":{"start":{"line":14,"column":21},"end":{"line":14,"column":35}},"3":{"start":{"line":16,"column":44},"end":{"line":16,"column":56}},"4":{"start":{"line":18,"column":2},"end":{"line":20,"column":9}},"5":{"start":{"line":19,"column":4},"end":{"line":19,"column":89}},"6":{"start":{"line":19,"column":66},"end":{"line":19,"column":88}},"7":{"start":{"line":22,"column":2},"end":{"line":35,"column":4}},"8":{"start":{"line":31,"column":10},"end":{"line":31,"column":53}}},"fnMap":{"0":{"name":"(anonymous_0)","decl":{"start":{"line":9,"column":17},"end":{"line":9,"column":18}},"loc":{"start":{"line":9,"column":23},"end":{"line":36,"column":1}},"line":9},"1":{"name":"(anonymous_1)","decl":{"start":{"line":18,"column":12},"end":{"line":18,"column":13}},"loc":{"start":{"line":18,"column":18},"end":{"line":20,"column":3}},"line":18},"2":{"name":"(anonymous_2)","decl":{"start":{"line":19,"column":52},"end":{"line":19,"column":53}},"loc":{"start":{"line":19,"column":66},"end":{"line":19,"column":88}},"line":19},"3":{"name":"(anonymous_3)","decl":{"start":{"line":30,"column":27},"end":{"line":30,"column":28}},"loc":{"start":{"line":31,"column":10},"end":{"line":31,"column":53}},"line":31}},"branchMap":{},"s":{"0":0,"1":0,"2":0,"3":0,"4":0,"5":0,"6":0,"7":0,"8":0},"f":{"0":0,"1":0,"2":0,"3":0},"b":{}}
,"/Users/joshhoward/Documents/repos/codesmith/projects/tempo/src/client/Components/pages/Home/Home.js": {"path":"/Users/joshhoward/Documents/repos/codesmith/projects/tempo/src/client/Components/pages/Home/Home.js","statementMap":{"0":{"start":{"line":4,"column":13},"end":{"line":10,"column":1}},"1":{"start":{"line":5,"column":2},"end":{"line":9,"column":4}}},"fnMap":{"0":{"name":"(anonymous_0)","decl":{"start":{"line":4,"column":13},"end":{"line":4,"column":14}},"loc":{"start":{"line":4,"column":19},"end":{"line":10,"column":1}},"line":4}},"branchMap":{},"s":{"0":0,"1":0},"f":{"0":0},"b":{}}
,"/Users/joshhoward/Documents/repos/codesmith/projects/tempo/src/client/Components/pages/LandingPage/LandingPage.js": {"path":"/Users/joshhoward/Documents/repos/codesmith/projects/tempo/src/client/Components/pages/LandingPage/LandingPage.js","statementMap":{"0":{"start":{"line":5,"column":20},"end":{"line":31,"column":1}},"1":{"start":{"line":6,"column":2},"end":{"line":30,"column":4}}},"fnMap":{"0":{"name":"(anonymous_0)","decl":{"start":{"line":5,"column":20},"end":{"line":5,"column":21}},"loc":{"start":{"line":5,"column":26},"end":{"line":31,"column":1}},"line":5}},"branchMap":{},"s":{"0":0,"1":0},"f":{"0":0},"b":{}}
,"/Users/joshhoward/Documents/repos/codesmith/projects/tempo/src/client/Redux/store.js": {"path":"/Users/joshhoward/Documents/repos/codesmith/projects/tempo/src/client/Redux/store.js","statementMap":{"0":{"start":{"line":4,"column":21},"end":{"line":8,"column":2}}},"fnMap":{},"branchMap":{},"s":{"0":0},"f":{},"b":{}}
,"/Users/joshhoward/Documents/repos/codesmith/projects/tempo/src/client/Redux/slices/userSlice.js": {"path":"/Users/joshhoward/Documents/repos/codesmith/projects/tempo/src/client/Redux/slices/userSlice.js","statementMap":{"0":{"start":{"line":3,"column":21},"end":{"line":5,"column":1}},"1":{"start":{"line":7,"column":25},"end":{"line":18,"column":2}},"2":{"start":{"line":12,"column":6},"end":{"line":12,"column":35}},"3":{"start":{"line":15,"column":6},"end":{"line":15,"column":37}},"4":{"start":{"line":21,"column":40},"end":{"line":21,"column":57}}},"fnMap":{"0":{"name":"(anonymous_0)","decl":{"start":{"line":11,"column":14},"end":{"line":11,"column":15}},"loc":{"start":{"line":11,"column":33},"end":{"line":13,"column":5}},"line":11},"1":{"name":"(anonymous_1)","decl":{"start":{"line":14,"column":16},"end":{"line":14,"column":17}},"loc":{"start":{"line":14,"column":35},"end":{"line":16,"column":5}},"line":14}},"branchMap":{},"s":{"0":0,"1":0,"2":0,"3":0,"4":0},"f":{"0":0,"1":0},"b":{}}
,"/Users/joshhoward/Documents/repos/codesmith/projects/tempo/src/db/cardDb.js": {"path":"/Users/joshhoward/Documents/repos/codesmith/projects/tempo/src/db/cardDb.js","statementMap":{"0":{"start":{"line":1,"column":13},"end":{"line":1,"column":33}},"1":{"start":{"line":3,"column":13},"end":{"line":3,"column":15}},"2":{"start":{"line":5,"column":0},"end":{"line":16,"column":2}},"3":{"start":{"line":6,"column":2},"end":{"line":15,"column":3}},"4":{"start":{"line":7,"column":16},"end":{"line":9,"column":18}},"5":{"start":{"line":10,"column":17},"end":{"line":10,"column":44}},"6":{"start":{"line":12,"column":4},"end":{"line":12,"column":24}},"7":{"start":{"line":14,"column":4},"end":{"line":14,"column":50}},"8":{"start":{"line":21,"column":0},"end":{"line":34,"column":4}},"9":{"start":{"line":22,"column":4},"end":{"line":33,"column":5}},"10":{"start":{"line":24,"column":18},"end":{"line":28,"column":25}},"11":{"start":{"line":29,"column":19},"end":{"line":29,"column":40}},"12":{"start":{"line":30,"column":6},"end":{"line":30,"column":23}},"13":{"start":{"line":32,"column":6},"end":{"line":32,"column":56}},"14":{"start":{"line":36,"column":2},"end":{"line":58,"column":4}},"15":{"start":{"line":37,"column":4},"end":{"line":57,"column":5}},"16":{"start":{"line":40,"column":18},"end":{"line":46,"column":7}},"17":{"start":{"line":48,"column":18},"end":{"line":51,"column":19}},"18":{"start":{"line":53,"column":19},"end":{"line":53,"column":45}},"19":{"start":{"line":54,"column":6},"end":{"line":54,"column":26}},"20":{"start":{"line":56,"column":6},"end":{"line":56,"column":54}},"21":{"start":{"line":60,"column":2},"end":{"line":70,"column":3}},"22":{"start":{"line":61,"column":4},"end":{"line":69,"column":5}},"23":{"start":{"line":62,"column":18},"end":{"line":63,"column":31}},"24":{"start":{"line":64,"column":19},"end":{"line":64,"column":46}},"25":{"start":{"line":65,"column":6},"end":{"line":65,"column":26}},"26":{"start":{"line":68,"column":6},"end":{"line":68,"column":55}},"27":{"start":{"line":109,"column":0},"end":{"line":109,"column":22}}},"fnMap":{"0":{"name":"(anonymous_0)","decl":{"start":{"line":5,"column":16},"end":{"line":5,"column":17}},"loc":{"start":{"line":5,"column":30},"end":{"line":16,"column":1}},"line":5},"1":{"name":"(anonymous_1)","decl":{"start":{"line":21,"column":20},"end":{"line":21,"column":21}},"loc":{"start":{"line":21,"column":48},"end":{"line":34,"column":3}},"line":21},"2":{"name":"(anonymous_2)","decl":{"start":{"line":36,"column":20},"end":{"line":36,"column":21}},"loc":{"start":{"line":36,"column":36},"end":{"line":58,"column":3}},"line":36},"3":{"name":"(anonymous_3)","decl":{"start":{"line":60,"column":20},"end":{"line":60,"column":21}},"loc":{"start":{"line":60,"column":34},"end":{"line":70,"column":3}},"line":60}},"branchMap":{},"s":{"0":1,"1":1,"2":1,"3":0,"4":0,"5":0,"6":0,"7":0,"8":1,"9":1,"10":1,"11":1,"12":1,"13":0,"14":1,"15":0,"16":0,"17":0,"18":0,"19":0,"20":0,"21":1,"22":0,"23":0,"24":0,"25":0,"26":0,"27":1},"f":{"0":0,"1":1,"2":0,"3":0},"b":{},"_coverageSchema":"1a1c01bbd47fc00a2c39e90264f33305004495a9","hash":"56449d45627da52f919326af8c655cccbc373ccc"}
,"/Users/joshhoward/Documents/repos/codesmith/projects/tempo/src/db/deckDb.js": {"path":"/Users/joshhoward/Documents/repos/codesmith/projects/tempo/src/db/deckDb.js","statementMap":{"0":{"start":{"line":1,"column":13},"end":{"line":1,"column":33}},"1":{"start":{"line":3,"column":13},"end":{"line":3,"column":15}},"2":{"start":{"line":8,"column":0},"end":{"line":18,"column":2}},"3":{"start":{"line":9,"column":2},"end":{"line":17,"column":3}},"4":{"start":{"line":10,"column":16},"end":{"line":12,"column":30}},"5":{"start":{"line":13,"column":17},"end":{"line":13,"column":38}},"6":{"start":{"line":14,"column":4},"end":{"line":14,"column":21}},"7":{"start":{"line":16,"column":4},"end":{"line":16,"column":54}},"8":{"start":{"line":21,"column":0},"end":{"line":39,"column":4}},"9":{"start":{"line":22,"column":4},"end":{"line":38,"column":5}},"10":{"start":{"line":24,"column":18},"end":{"line":27,"column":7}},"11":{"start":{"line":29,"column":18},"end":{"line":32,"column":19}},"12":{"start":{"line":34,"column":19},"end":{"line":34,"column":45}},"13":{"start":{"line":35,"column":6},"end":{"line":35,"column":26}},"14":{"start":{"line":37,"column":6},"end":{"line":37,"column":54}},"15":{"start":{"line":57,"column":0},"end":{"line":69,"column":3}},"16":{"start":{"line":58,"column":4},"end":{"line":68,"column":5}},"17":{"start":{"line":59,"column":18},"end":{"line":62,"column":18}},"18":{"start":{"line":63,"column":19},"end":{"line":63,"column":46}},"19":{"start":{"line":64,"column":6},"end":{"line":64,"column":26}},"20":{"start":{"line":67,"column":6},"end":{"line":67,"column":55}},"21":{"start":{"line":71,"column":2},"end":{"line":71,"column":24}}},"fnMap":{"0":{"name":"(anonymous_0)","decl":{"start":{"line":8,"column":20},"end":{"line":8,"column":21}},"loc":{"start":{"line":8,"column":39},"end":{"line":18,"column":1}},"line":8},"1":{"name":"(anonymous_1)","decl":{"start":{"line":21,"column":18},"end":{"line":21,"column":19}},"loc":{"start":{"line":21,"column":34},"end":{"line":39,"column":3}},"line":21},"2":{"name":"(anonymous_2)","decl":{"start":{"line":57,"column":18},"end":{"line":57,"column":19}},"loc":{"start":{"line":57,"column":32},"end":{"line":69,"column":3}},"line":57}},"branchMap":{},"s":{"0":1,"1":1,"2":1,"3":1,"4":1,"5":1,"6":1,"7":0,"8":1,"9":1,"10":1,"11":1,"12":1,"13":1,"14":0,"15":1,"16":0,"17":0,"18":0,"19":0,"20":0,"21":1},"f":{"0":1,"1":1,"2":0},"b":{},"_coverageSchema":"1a1c01bbd47fc00a2c39e90264f33305004495a9","hash":"f75ec1a8379be140ada81a8028d13d5e3cc2e6f7"}
,"/Users/joshhoward/Documents/repos/codesmith/projects/tempo/src/db/pool.js": {"path":"/Users/joshhoward/Documents/repos/codesmith/projects/tempo/src/db/pool.js","statementMap":{"0":{"start":{"line":1,"column":13},"end":{"line":1,"column":28}},"1":{"start":{"line":2,"column":17},"end":{"line":2,"column":30}},"2":{"start":{"line":3,"column":24},"end":{"line":3,"column":76}},"3":{"start":{"line":6,"column":15},"end":{"line":6,"column":85}},"4":{"start":{"line":10,"column":13},"end":{"line":12,"column":2}},"5":{"start":{"line":14,"column":0},"end":{"line":25,"column":2}},"6":{"start":{"line":16,"column":23},"end":{"line":20,"column":6}},"7":{"start":{"line":17,"column":6},"end":{"line":19,"column":28}},"8":{"start":{"line":23,"column":4},"end":{"line":23,"column":46}}},"fnMap":{"0":{"name":"(anonymous_0)","decl":{"start":{"line":15,"column":9},"end":{"line":15,"column":10}},"loc":{"start":{"line":15,"column":37},"end":{"line":24,"column":3}},"line":15},"1":{"name":"(anonymous_1)","decl":{"start":{"line":16,"column":48},"end":{"line":16,"column":49}},"loc":{"start":{"line":16,"column":66},"end":{"line":20,"column":5}},"line":16}},"branchMap":{"0":{"loc":{"start":{"line":17,"column":13},"end":{"line":19,"column":27}},"type":"cond-expr","locations":[{"start":{"line":18,"column":10},"end":{"line":18,"column":36}},{"start":{"line":19,"column":10},"end":{"line":19,"column":27}}],"line":17}},"s":{"0":1,"1":1,"2":1,"3":1,"4":1,"5":1,"6":3,"7":2,"8":3},"f":{"0":3,"1":2},"b":{"0":[1,1]},"_coverageSchema":"1a1c01bbd47fc00a2c39e90264f33305004495a9","hash":"ecb73f000722b687ecb9cdaf9ceaac4f01b6fae4"}
,"/Users/joshhoward/Documents/repos/codesmith/projects/tempo/src/db/userDb.js": {"path":"/Users/joshhoward/Documents/repos/codesmith/projects/tempo/src/db/userDb.js","statementMap":{"0":{"start":{"line":1,"column":13},"end":{"line":1,"column":33}},"1":{"start":{"line":3,"column":13},"end":{"line":3,"column":15}},"2":{"start":{"line":5,"column":0},"end":{"line":22,"column":4}},"3":{"start":{"line":6,"column":4},"end":{"line":21,"column":5}},"4":{"start":{"line":7,"column":18},"end":{"line":12,"column":7}},"5":{"start":{"line":13,"column":18},"end":{"line":16,"column":21}},"6":{"start":{"line":17,"column":19},"end":{"line":17,"column":45}},"7":{"start":{"line":18,"column":6},"end":{"line":18,"column":30}},"8":{"start":{"line":20,"column":6},"end":{"line":20,"column":34}},"9":{"start":{"line":24,"column":2},"end":{"line":41,"column":4}},"10":{"start":{"line":25,"column":4},"end":{"line":40,"column":5}},"11":{"start":{"line":26,"column":18},"end":{"line":28,"column":34}},"12":{"start":{"line":29,"column":19},"end":{"line":29,"column":47}},"13":{"start":{"line":30,"column":6},"end":{"line":37,"column":7}},"14":{"start":{"line":31,"column":8},"end":{"line":31,"column":20}},"15":{"start":{"line":32,"column":13},"end":{"line":37,"column":7}},"16":{"start":{"line":33,"column":8},"end":{"line":33,"column":28}},"17":{"start":{"line":35,"column":8},"end":{"line":35,"column":49}},"18":{"start":{"line":36,"column":8},"end":{"line":36,"column":17}},"19":{"start":{"line":39,"column":6},"end":{"line":39,"column":41}},"20":{"start":{"line":43,"column":2},"end":{"line":43,"column":24}}},"fnMap":{"0":{"name":"(anonymous_0)","decl":{"start":{"line":5,"column":15},"end":{"line":5,"column":16}},"loc":{"start":{"line":5,"column":31},"end":{"line":22,"column":3}},"line":5},"1":{"name":"(anonymous_1)","decl":{"start":{"line":24,"column":17},"end":{"line":24,"column":18}},"loc":{"start":{"line":24,"column":32},"end":{"line":41,"column":3}},"line":24}},"branchMap":{"0":{"loc":{"start":{"line":30,"column":6},"end":{"line":37,"column":7}},"type":"if","locations":[{"start":{"line":30,"column":6},"end":{"line":37,"column":7}},{"start":{"line":32,"column":13},"end":{"line":37,"column":7}}],"line":30},"1":{"loc":{"start":{"line":32,"column":13},"end":{"line":37,"column":7}},"type":"if","locations":[{"start":{"line":32,"column":13},"end":{"line":37,"column":7}},{"start":{"line":34,"column":13},"end":{"line":37,"column":7}}],"line":32}},"s":{"0":1,"1":1,"2":1,"3":0,"4":0,"5":0,"6":0,"7":0,"8":0,"9":1,"10":0,"11":0,"12":0,"13":0,"14":0,"15":0,"16":0,"17":0,"18":0,"19":0,"20":1},"f":{"0":0,"1":0},"b":{"0":[0,0],"1":[0,0]},"_coverageSchema":"1a1c01bbd47fc00a2c39e90264f33305004495a9","hash":"dc4f0bd9f2f7ad5777da513b256a1bb18e842dbc"}
,"/Users/joshhoward/Documents/repos/codesmith/projects/tempo/src/server/auth.js": {"path":"/Users/joshhoward/Documents/repos/codesmith/projects/tempo/src/server/auth.js","statementMap":{"0":{"start":{"line":1,"column":51},"end":{"line":1,"column":78}},"1":{"start":{"line":2,"column":17},"end":{"line":2,"column":36}},"2":{"start":{"line":3,"column":13},"end":{"line":3,"column":39}},"3":{"start":{"line":12,"column":11},"end":{"line":26,"column":1}},"4":{"start":{"line":13,"column":19},"end":{"line":13,"column":50}},"5":{"start":{"line":15,"column":2},"end":{"line":25,"column":3}},"6":{"start":{"line":18,"column":4},"end":{"line":18,"column":32}},"7":{"start":{"line":23,"column":16},"end":{"line":23,"column":49}},"8":{"start":{"line":24,"column":4},"end":{"line":24,"column":49}},"9":{"start":{"line":28,"column":23},"end":{"line":28,"column":65}},"10":{"start":{"line":29,"column":17},"end":{"line":37,"column":1}},"11":{"start":{"line":39,"column":0},"end":{"line":39,"column":23}},"12":{"start":{"line":43,"column":0},"end":{"line":45,"column":3}},"13":{"start":{"line":44,"column":2},"end":{"line":44,"column":19}},"14":{"start":{"line":46,"column":0},"end":{"line":48,"column":3}},"15":{"start":{"line":47,"column":2},"end":{"line":47,"column":19}}},"fnMap":{"0":{"name":"(anonymous_0)","decl":{"start":{"line":12,"column":11},"end":{"line":12,"column":12}},"loc":{"start":{"line":12,"column":72},"end":{"line":26,"column":1}},"line":12},"1":{"name":"(anonymous_1)","decl":{"start":{"line":43,"column":23},"end":{"line":43,"column":24}},"loc":{"start":{"line":43,"column":45},"end":{"line":45,"column":1}},"line":43},"2":{"name":"(anonymous_2)","decl":{"start":{"line":46,"column":25},"end":{"line":46,"column":26}},"loc":{"start":{"line":46,"column":47},"end":{"line":48,"column":1}},"line":46}},"branchMap":{"0":{"loc":{"start":{"line":15,"column":2},"end":{"line":25,"column":3}},"type":"if","locations":[{"start":{"line":15,"column":2},"end":{"line":25,"column":3}},{"start":{"line":19,"column":9},"end":{"line":25,"column":3}}],"line":15}},"s":{"0":1,"1":1,"2":1,"3":1,"4":0,"5":0,"6":0,"7":0,"8":0,"9":1,"10":1,"11":1,"12":1,"13":0,"14":1,"15":0},"f":{"0":0,"1":0,"2":0},"b":{"0":[0,0]},"_coverageSchema":"1a1c01bbd47fc00a2c39e90264f33305004495a9","hash":"2e5727b18b787900fed49e70784bc0b5efb5232e"}
,"/Users/joshhoward/Documents/repos/codesmith/projects/tempo/src/server/server.js": {"path":"/Users/joshhoward/Documents/repos/codesmith/projects/tempo/src/server/server.js","statementMap":{"0":{"start":{"line":1,"column":13},"end":{"line":1,"column":28}},"1":{"start":{"line":2,"column":17},"end":{"line":2,"column":36}},"2":{"start":{"line":3,"column":16},"end":{"line":3,"column":34}},"3":{"start":{"line":4,"column":13},"end":{"line":4,"column":28}},"4":{"start":{"line":5,"column":18},"end":{"line":5,"column":50}},"5":{"start":{"line":6,"column":19},"end":{"line":6,"column":52}},"6":{"start":{"line":7,"column":21},"end":{"line":7,"column":45}},"7":{"start":{"line":9,"column":16},"end":{"line":9,"column":42}},"8":{"start":{"line":11,"column":27},"end":{"line":11,"column":54}},"9":{"start":{"line":12,"column":12},"end":{"line":12,"column":21}},"10":{"start":{"line":13,"column":13},"end":{"line":13,"column":17}},"11":{"start":{"line":16,"column":0},"end":{"line":22,"column":2}},"12":{"start":{"line":24,"column":0},"end":{"line":24,"column":42}},"13":{"start":{"line":26,"column":0},"end":{"line":26,"column":24}},"14":{"start":{"line":27,"column":0},"end":{"line":27,"column":48}},"15":{"start":{"line":28,"column":0},"end":{"line":28,"column":23}},"16":{"start":{"line":33,"column":0},"end":{"line":38,"column":2}},"17":{"start":{"line":42,"column":0},"end":{"line":44,"column":3}},"18":{"start":{"line":43,"column":2},"end":{"line":43,"column":61}},"19":{"start":{"line":47,"column":0},"end":{"line":47,"column":27}},"20":{"start":{"line":48,"column":0},"end":{"line":48,"column":29}},"21":{"start":{"line":51,"column":0},"end":{"line":59,"column":3}},"22":{"start":{"line":52,"column":21},"end":{"line":56,"column":3}},"23":{"start":{"line":57,"column":19},"end":{"line":57,"column":53}},"24":{"start":{"line":58,"column":2},"end":{"line":58,"column":52}},"25":{"start":{"line":62,"column":0},"end":{"line":64,"column":3}},"26":{"start":{"line":63,"column":2},"end":{"line":63,"column":54}},"27":{"start":{"line":66,"column":0},"end":{"line":66,"column":21}}},"fnMap":{"0":{"name":"(anonymous_0)","decl":{"start":{"line":42,"column":13},"end":{"line":42,"column":14}},"loc":{"start":{"line":42,"column":33},"end":{"line":44,"column":1}},"line":42},"1":{"name":"(anonymous_1)","decl":{"start":{"line":51,"column":8},"end":{"line":51,"column":9}},"loc":{"start":{"line":51,"column":33},"end":{"line":59,"column":1}},"line":51},"2":{"name":"(anonymous_2)","decl":{"start":{"line":62,"column":17},"end":{"line":62,"column":18}},"loc":{"start":{"line":62,"column":23},"end":{"line":64,"column":1}},"line":62}},"branchMap":{},"s":{"0":1,"1":1,"2":1,"3":1,"4":1,"5":1,"6":1,"7":1,"8":1,"9":1,"10":1,"11":1,"12":1,"13":1,"14":1,"15":1,"16":1,"17":1,"18":0,"19":1,"20":1,"21":1,"22":0,"23":0,"24":0,"25":1,"26":1,"27":1},"f":{"0":0,"1":0,"2":1},"b":{},"_coverageSchema":"1a1c01bbd47fc00a2c39e90264f33305004495a9","hash":"672e2dc46a08c06dced7375c68c8ddbf66d511e8"}
,"/Users/joshhoward/Documents/repos/codesmith/projects/tempo/src/server/controller/cardController.js": {"path":"/Users/joshhoward/Documents/repos/codesmith/projects/tempo/src/server/controller/cardController.js","statementMap":{"0":{"start":{"line":1,"column":15},"end":{"line":1,"column":41}},"1":{"start":{"line":3,"column":23},"end":{"line":3,"column":25}},"2":{"start":{"line":5,"column":0},"end":{"line":23,"column":1}},"3":{"start":{"line":6,"column":2},"end":{"line":22,"column":3}},"4":{"start":{"line":7,"column":16},"end":{"line":7,"column":29}},"5":{"start":{"line":8,"column":16},"end":{"line":8,"column":42}},"6":{"start":{"line":11,"column":4},"end":{"line":11,"column":37}},"7":{"start":{"line":11,"column":27},"end":{"line":11,"column":37}},"8":{"start":{"line":13,"column":4},"end":{"line":13,"column":29}},"9":{"start":{"line":14,"column":4},"end":{"line":14,"column":18}},"10":{"start":{"line":17,"column":6},"end":{"line":21,"column":9}},"11":{"start":{"line":25,"column":0},"end":{"line":40,"column":1}},"12":{"start":{"line":26,"column":2},"end":{"line":39,"column":3}},"13":{"start":{"line":27,"column":20},"end":{"line":27,"column":34}},"14":{"start":{"line":28,"column":20},"end":{"line":28,"column":33}},"15":{"start":{"line":29,"column":16},"end":{"line":29,"column":59}},"16":{"start":{"line":31,"column":4},"end":{"line":31,"column":33}},"17":{"start":{"line":32,"column":4},"end":{"line":32,"column":18}},"18":{"start":{"line":34,"column":4},"end":{"line":38,"column":7}},"19":{"start":{"line":42,"column":0},"end":{"line":60,"column":1}},"20":{"start":{"line":43,"column":2},"end":{"line":59,"column":3}},"21":{"start":{"line":44,"column":20},"end":{"line":44,"column":34}},"22":{"start":{"line":45,"column":44},"end":{"line":45,"column":52}},"23":{"start":{"line":46,"column":17},"end":{"line":46,"column":57}},"24":{"start":{"line":48,"column":16},"end":{"line":48,"column":45}},"25":{"start":{"line":50,"column":4},"end":{"line":50,"column":32}},"26":{"start":{"line":51,"column":4},"end":{"line":51,"column":18}},"27":{"start":{"line":54,"column":4},"end":{"line":58,"column":7}},"28":{"start":{"line":62,"column":0},"end":{"line":81,"column":1}},"29":{"start":{"line":63,"column":2},"end":{"line":80,"column":3}},"30":{"start":{"line":64,"column":16},"end":{"line":64,"column":29}},"31":{"start":{"line":65,"column":16},"end":{"line":65,"column":44}},"32":{"start":{"line":69,"column":4},"end":{"line":69,"column":37}},"33":{"start":{"line":69,"column":27},"end":{"line":69,"column":37}},"34":{"start":{"line":71,"column":4},"end":{"line":71,"column":32}},"35":{"start":{"line":72,"column":4},"end":{"line":72,"column":18}},"36":{"start":{"line":75,"column":4},"end":{"line":79,"column":7}},"37":{"start":{"line":131,"column":0},"end":{"line":131,"column":32}}},"fnMap":{"0":{"name":"(anonymous_0)","decl":{"start":{"line":5,"column":25},"end":{"line":5,"column":26}},"loc":{"start":{"line":5,"column":51},"end":{"line":23,"column":1}},"line":5},"1":{"name":"(anonymous_1)","decl":{"start":{"line":25,"column":29},"end":{"line":25,"column":30}},"loc":{"start":{"line":25,"column":55},"end":{"line":40,"column":1}},"line":25},"2":{"name":"(anonymous_2)","decl":{"start":{"line":42,"column":28},"end":{"line":42,"column":29}},"loc":{"start":{"line":42,"column":54},"end":{"line":60,"column":1}},"line":42},"3":{"name":"(anonymous_3)","decl":{"start":{"line":62,"column":28},"end":{"line":62,"column":29}},"loc":{"start":{"line":62,"column":54},"end":{"line":81,"column":1}},"line":62}},"branchMap":{"0":{"loc":{"start":{"line":11,"column":4},"end":{"line":11,"column":37}},"type":"if","locations":[{"start":{"line":11,"column":4},"end":{"line":11,"column":37}},{"start":{},"end":{}}],"line":11},"1":{"loc":{"start":{"line":69,"column":4},"end":{"line":69,"column":37}},"type":"if","locations":[{"start":{"line":69,"column":4},"end":{"line":69,"column":37}},{"start":{},"end":{}}],"line":69}},"s":{"0":1,"1":1,"2":1,"3":0,"4":0,"5":0,"6":0,"7":0,"8":0,"9":0,"10":0,"11":1,"12":1,"13":1,"14":1,"15":1,"16":1,"17":1,"18":0,"19":1,"20":0,"21":0,"22":0,"23":0,"24":0,"25":0,"26":0,"27":0,"28":1,"29":0,"30":0,"31":0,"32":0,"33":0,"34":0,"35":0,"36":0,"37":1},"f":{"0":0,"1":1,"2":0,"3":0},"b":{"0":[0,0],"1":[0,0]},"_coverageSchema":"1a1c01bbd47fc00a2c39e90264f33305004495a9","hash":"faece5f8d48b517eca5d99d36f475ab25a399efb"}
,"/Users/joshhoward/Documents/repos/codesmith/projects/tempo/src/server/controller/cookieController.js": {"path":"/Users/joshhoward/Documents/repos/codesmith/projects/tempo/src/server/controller/cookieController.js","statementMap":{},"fnMap":{},"branchMap":{},"s":{},"f":{},"b":{}}
,"/Users/joshhoward/Documents/repos/codesmith/projects/tempo/src/server/controller/deckController.js": {"path":"/Users/joshhoward/Documents/repos/codesmith/projects/tempo/src/server/controller/deckController.js","statementMap":{"0":{"start":{"line":1,"column":15},"end":{"line":1,"column":41}},"1":{"start":{"line":3,"column":23},"end":{"line":3,"column":25}},"2":{"start":{"line":5,"column":0},"end":{"line":19,"column":1}},"3":{"start":{"line":7,"column":2},"end":{"line":18,"column":3}},"4":{"start":{"line":8,"column":20},"end":{"line":8,"column":34}},"5":{"start":{"line":9,"column":16},"end":{"line":9,"column":50}},"6":{"start":{"line":10,"column":4},"end":{"line":10,"column":33}},"7":{"start":{"line":11,"column":4},"end":{"line":11,"column":18}},"8":{"start":{"line":13,"column":4},"end":{"line":17,"column":7}},"9":{"start":{"line":21,"column":0},"end":{"line":42,"column":3}},"10":{"start":{"line":22,"column":4},"end":{"line":41,"column":5}},"11":{"start":{"line":23,"column":22},"end":{"line":23,"column":36}},"12":{"start":{"line":24,"column":24},"end":{"line":24,"column":32}},"13":{"start":{"line":25,"column":19},"end":{"line":28,"column":7}},"14":{"start":{"line":30,"column":18},"end":{"line":30,"column":47}},"15":{"start":{"line":31,"column":6},"end":{"line":31,"column":34}},"16":{"start":{"line":33,"column":6},"end":{"line":33,"column":20}},"17":{"start":{"line":36,"column":6},"end":{"line":40,"column":9}},"18":{"start":{"line":44,"column":0},"end":{"line":63,"column":3}},"19":{"start":{"line":45,"column":4},"end":{"line":62,"column":5}},"20":{"start":{"line":46,"column":18},"end":{"line":46,"column":31}},"21":{"start":{"line":47,"column":18},"end":{"line":47,"column":46}},"22":{"start":{"line":51,"column":6},"end":{"line":51,"column":39}},"23":{"start":{"line":51,"column":29},"end":{"line":51,"column":39}},"24":{"start":{"line":53,"column":6},"end":{"line":53,"column":34}},"25":{"start":{"line":54,"column":6},"end":{"line":54,"column":20}},"26":{"start":{"line":57,"column":6},"end":{"line":61,"column":9}},"27":{"start":{"line":65,"column":2},"end":{"line":65,"column":34}}},"fnMap":{"0":{"name":"(anonymous_0)","decl":{"start":{"line":5,"column":29},"end":{"line":5,"column":30}},"loc":{"start":{"line":5,"column":55},"end":{"line":19,"column":1}},"line":5},"1":{"name":"(anonymous_1)","decl":{"start":{"line":21,"column":28},"end":{"line":21,"column":29}},"loc":{"start":{"line":21,"column":54},"end":{"line":42,"column":3}},"line":21},"2":{"name":"(anonymous_2)","decl":{"start":{"line":44,"column":28},"end":{"line":44,"column":29}},"loc":{"start":{"line":44,"column":54},"end":{"line":63,"column":3}},"line":44}},"branchMap":{"0":{"loc":{"start":{"line":51,"column":6},"end":{"line":51,"column":39}},"type":"if","locations":[{"start":{"line":51,"column":6},"end":{"line":51,"column":39}},{"start":{},"end":{}}],"line":51}},"s":{"0":1,"1":1,"2":1,"3":1,"4":1,"5":1,"6":1,"7":1,"8":0,"9":1,"10":1,"11":1,"12":1,"13":1,"14":1,"15":1,"16":1,"17":0,"18":1,"19":0,"20":0,"21":0,"22":0,"23":0,"24":0,"25":0,"26":0,"27":1},"f":{"0":1,"1":1,"2":0},"b":{"0":[0,0]},"_coverageSchema":"1a1c01bbd47fc00a2c39e90264f33305004495a9","hash":"e4a8c0e041b0ffc6a1d7f98eb200b50a0d15b34e"}
,"/Users/joshhoward/Documents/repos/codesmith/projects/tempo/src/server/routes/apiRouter.js": {"path":"/Users/joshhoward/Documents/repos/codesmith/projects/tempo/src/server/routes/apiRouter.js","statementMap":{"0":{"start":{"line":1,"column":16},"end":{"line":1,"column":34}},"1":{"start":{"line":2,"column":15},"end":{"line":2,"column":31}},"2":{"start":{"line":3,"column":23},"end":{"line":3,"column":62}},"3":{"start":{"line":4,"column":23},"end":{"line":4,"column":62}},"4":{"start":{"line":8,"column":0},"end":{"line":10,"column":3}},"5":{"start":{"line":9,"column":2},"end":{"line":9,"column":43}},"6":{"start":{"line":12,"column":0},"end":{"line":14,"column":3}},"7":{"start":{"line":13,"column":2},"end":{"line":13,"column":47}},"8":{"start":{"line":16,"column":0},"end":{"line":18,"column":3}},"9":{"start":{"line":17,"column":2},"end":{"line":17,"column":46}},"10":{"start":{"line":20,"column":0},"end":{"line":22,"column":2}},"11":{"start":{"line":21,"column":2},"end":{"line":21,"column":46}},"12":{"start":{"line":31,"column":0},"end":{"line":33,"column":3}},"13":{"start":{"line":32,"column":2},"end":{"line":32,"column":47}},"14":{"start":{"line":36,"column":0},"end":{"line":38,"column":2}},"15":{"start":{"line":37,"column":2},"end":{"line":37,"column":46}},"16":{"start":{"line":40,"column":0},"end":{"line":42,"column":2}},"17":{"start":{"line":41,"column":2},"end":{"line":41,"column":46}},"18":{"start":{"line":44,"column":0},"end":{"line":44,"column":24}}},"fnMap":{"0":{"name":"(anonymous_0)","decl":{"start":{"line":8,"column":49},"end":{"line":8,"column":50}},"loc":{"start":{"line":8,"column":69},"end":{"line":10,"column":1}},"line":8},"1":{"name":"(anonymous_1)","decl":{"start":{"line":12,"column":62},"end":{"line":12,"column":63}},"loc":{"start":{"line":12,"column":82},"end":{"line":14,"column":1}},"line":12},"2":{"name":"(anonymous_2)","decl":{"start":{"line":16,"column":49},"end":{"line":16,"column":50}},"loc":{"start":{"line":16,"column":69},"end":{"line":18,"column":1}},"line":16},"3":{"name":"(anonymous_3)","decl":{"start":{"line":20,"column":55},"end":{"line":20,"column":56}},"loc":{"start":{"line":20,"column":75},"end":{"line":22,"column":1}},"line":20},"4":{"name":"(anonymous_4)","decl":{"start":{"line":31,"column":55},"end":{"line":31,"column":56}},"loc":{"start":{"line":31,"column":75},"end":{"line":33,"column":1}},"line":31},"5":{"name":"(anonymous_5)","decl":{"start":{"line":36,"column":48},"end":{"line":36,"column":49}},"loc":{"start":{"line":36,"column":68},"end":{"line":38,"column":1}},"line":36},"6":{"name":"(anonymous_6)","decl":{"start":{"line":40,"column":54},"end":{"line":40,"column":55}},"loc":{"start":{"line":40,"column":74},"end":{"line":42,"column":1}},"line":40}},"branchMap":{},"s":{"0":1,"1":1,"2":1,"3":1,"4":1,"5":0,"6":1,"7":1,"8":1,"9":0,"10":1,"11":0,"12":1,"13":1,"14":1,"15":1,"16":1,"17":0,"18":1},"f":{"0":0,"1":1,"2":0,"3":0,"4":1,"5":1,"6":0},"b":{},"_coverageSchema":"1a1c01bbd47fc00a2c39e90264f33305004495a9","hash":"14bb5f634ece12247171e9a718b9dd1a709ea717"}
,"/Users/joshhoward/Documents/repos/codesmith/projects/tempo/src/server/routes/authRouter.js": {"path":"/Users/joshhoward/Documents/repos/codesmith/projects/tempo/src/server/routes/authRouter.js","statementMap":{"0":{"start":{"line":1,"column":16},"end":{"line":1,"column":34}},"1":{"start":{"line":2,"column":15},"end":{"line":2,"column":31}},"2":{"start":{"line":3,"column":17},"end":{"line":3,"column":36}},"3":{"start":{"line":4,"column":0},"end":{"line":4,"column":22}},"4":{"start":{"line":6,"column":0},"end":{"line":11,"column":3}},"5":{"start":{"line":9,"column":2},"end":{"line":9,"column":50}},"6":{"start":{"line":10,"column":2},"end":{"line":10,"column":51}},"7":{"start":{"line":13,"column":0},"end":{"line":13,"column":77}},"8":{"start":{"line":15,"column":0},"end":{"line":20,"column":2}},"9":{"start":{"line":18,"column":4},"end":{"line":18,"column":33}},"10":{"start":{"line":22,"column":0},"end":{"line":24,"column":3}},"11":{"start":{"line":23,"column":2},"end":{"line":23,"column":44}},"12":{"start":{"line":27,"column":0},"end":{"line":34,"column":3}},"13":{"start":{"line":28,"column":2},"end":{"line":33,"column":5}},"14":{"start":{"line":30,"column":4},"end":{"line":30,"column":31}},"15":{"start":{"line":31,"column":4},"end":{"line":31,"column":30}},"16":{"start":{"line":32,"column":4},"end":{"line":32,"column":27}},"17":{"start":{"line":36,"column":0},"end":{"line":36,"column":24}}},"fnMap":{"0":{"name":"(anonymous_0)","decl":{"start":{"line":6,"column":20},"end":{"line":6,"column":21}},"loc":{"start":{"line":6,"column":34},"end":{"line":11,"column":1}},"line":6},"1":{"name":"(anonymous_1)","decl":{"start":{"line":16,"column":2},"end":{"line":16,"column":3}},"loc":{"start":{"line":16,"column":16},"end":{"line":19,"column":3}},"line":16},"2":{"name":"(anonymous_2)","decl":{"start":{"line":22,"column":23},"end":{"line":22,"column":24}},"loc":{"start":{"line":22,"column":46},"end":{"line":24,"column":1}},"line":22},"3":{"name":"(anonymous_3)","decl":{"start":{"line":27,"column":22},"end":{"line":27,"column":23}},"loc":{"start":{"line":27,"column":45},"end":{"line":34,"column":1}},"line":27},"4":{"name":"(anonymous_4)","decl":{"start":{"line":28,"column":17},"end":{"line":28,"column":18}},"loc":{"start":{"line":28,"column":23},"end":{"line":33,"column":3}},"line":28}},"branchMap":{"0":{"loc":{"start":{"line":9,"column":2},"end":{"line":9,"column":49}},"type":"cond-expr","locations":[{"start":{"line":9,"column":13},"end":{"line":9,"column":43}},{"start":{"line":9,"column":45},"end":{"line":9,"column":49}}],"line":9},"1":{"loc":{"start":{"line":10,"column":23},"end":{"line":10,"column":49}},"type":"cond-expr","locations":[{"start":{"line":10,"column":34},"end":{"line":10,"column":42}},{"start":{"line":10,"column":45},"end":{"line":10,"column":49}}],"line":10}},"s":{"0":1,"1":1,"2":1,"3":1,"4":1,"5":0,"6":0,"7":1,"8":1,"9":0,"10":1,"11":0,"12":1,"13":0,"14":0,"15":0,"16":0,"17":1},"f":{"0":0,"1":0,"2":0,"3":0,"4":0},"b":{"0":[0,0],"1":[0,0]},"_coverageSchema":"1a1c01bbd47fc00a2c39e90264f33305004495a9","hash":"fcd288b62a445dd235501740dd31746b6441829a"}
}
